<?xml version="1.0" encoding="UTF-8"?>
<!-- Generated by org.testng.reporters.JUnitReportReporter -->
<testsuite hostname="TYSS" failures="0" tests="1" name="sensen.TS_2" time="52.078" errors="0" timestamp="2021-05-18T16:26:01 IST" skipped="0">
  <testcase classname="sensen.TS_2" name="finalReviewValidation" time="52.078"/>
  <system-out/>
</testsuite> <!-- sensen.TS_2 -->
