<?xml version="1.0" encoding="UTF-8"?>
<!-- Generated by org.testng.reporters.JUnitReportReporter -->
<testsuite ignored="0" hostname="DESKTOP-NNOP6EN" failures="0" tests="1" name="sensen.TS_002" time="24.013" errors="0" timestamp="17 May 2021 13:23:37 GMT" skipped="0">
  <testcase classname="sensen.TS_002" name="finalReviewValidation" time="24.013"/>
</testsuite> <!-- sensen.TS_002 -->
