<?xml version="1.0" encoding="UTF-8"?>
<!-- Generated by org.testng.reporters.JUnitReportReporter -->
<testsuite hostname="TYSS" failures="0" tests="1" name="sensen.TS_1" time="64.917" errors="0" timestamp="2021-05-18T16:13:42 IST" skipped="0">
  <testcase classname="sensen.TS_1" name="ValidationTest" time="64.917"/>
  <system-out/>
</testsuite> <!-- sensen.TS_1 -->
